I1107 01:09:07.068397   13348 load.go:31] Reloading schema and connectors...
I1107 01:09:07.205899   13348 control.go:94] [/emulator/lauchlyupdate fbc8] UpdateResources(): done
Main schema: sources: schema\schema.gql [1992B] 
Connector "example": sources: example\mutations.gql [1243B] example\queries.gql [1801B] 
I1107 01:09:07.307612   13348 codegen.go:80] [connector "example" javascriptSdk] Generating sources into "C:\\Users\\acer\\Desktop\\lauchly update\\src\\dataconnect-generated"
I1107 01:09:07.355544   13348 collector.go:107] schema extensions wrote into "C:\\Users\\acer\\Desktop\\lauchly update\\dataconnect\\.dataconnect\\schema"
Generated sources: main\implicit.gql [1261B] main\input.gql [28173B] main\relation.gql [14318B] main\query.gql [5099B] prelude.gql [73219B] main\mutation.gql [13679B] 
I1107 01:09:07.367559   13348 collector.go:107] connector "example" javascriptSdk wrote into "C:\\Users\\acer\\Desktop\\lauchly update\\src\\dataconnect-generated"
Generated sources: esm\index.esm.js [3563B] react\esm\package.json [17B] .guides/usage.md [3489B] .guides/config.json [236B] index.cjs.js [4053B] package.json [863B] react\index.cjs.js [3439B] .guides/setup.md [1682B] index.d.ts [8025B] esm\package.json [17B] README.md [40931B] react\index.d.ts [3961B] react\package.json [460B] react\README.md [48299B] react\esm\index.esm.js [3269B] 
I1107 01:09:07.421515   13348 installsdk.go:55] Package @dataconnect/generated is already installed. Skipping installation
I1107 01:09:07.421515   13348 load.go:109] Finished reloading
I1107 01:09:07.424449   13348 dev.go:105] Listening on address (HTTP + gRPC): 127.0.0.1:9399
I1107 01:09:07.424449   13348 dev.go:105] Listening on address (HTTP + gRPC): [::1]:9399
I1107 01:09:28.084658   13348 migrate.go:24] Running migration SQL:
Step 1: CREATE EXTENSION IF NOT EXISTS "uuid-ossp"
Step 2: CREATE TABLE "public"."movie" ("id" uuid NOT NULL DEFAULT uuid_generate_v4(), "genre" text NULL, "image_url" text NOT NULL, "title" text NOT NULL, PRIMARY KEY ("id"))
Step 3: CREATE TABLE "public"."user" ("id" text NOT NULL, "username" character varying(50) NOT NULL, PRIMARY KEY ("id"))
Step 4: CREATE TABLE "public"."Reviews" ("movie_id" uuid NOT NULL, "user_id" text NOT NULL, "rating" integer NULL, "review_date" date NOT NULL, "review_text" text NULL, PRIMARY KEY ("movie_id", "user_id"), CONSTRAINT "Reviews_movie_id_fkey" FOREIGN KEY ("movie_id") REFERENCES "public"."movie" ("id") ON DELETE CASCADE, CONSTRAINT "Reviews_user_id_fkey" FOREIGN KEY ("user_id") REFERENCES "public"."user" ("id") ON DELETE CASCADE)
Step 5: CREATE INDEX "Reviews_movieId_idx" ON "public"."Reviews" ("movie_id")
Step 6: CREATE INDEX "Reviews_userId_idx" ON "public"."Reviews" ("user_id")
Step 7: CREATE TABLE "public"."movie_metadata" ("id" uuid NOT NULL DEFAULT uuid_generate_v4(), "movie_id" uuid NOT NULL, "description" text NULL, "rating" double precision NULL, "release_year" integer NULL, PRIMARY KEY ("id"), CONSTRAINT "movie_metadata_movie_id_fkey" FOREIGN KEY ("movie_id") REFERENCES "public"."movie" ("id") ON DELETE CASCADE)
Step 8: CREATE INDEX "movie_metadata_movieId_idx" ON "public"."movie_metadata" ("movie_id")
Step 9: CREATE UNIQUE INDEX "movie_metadata_movieId_uidx" ON "public"."movie_metadata" ("movie_id")
I1107 01:09:28.886392   13348 control.go:94] [/emulator/lauchlyupdate 2289] UpdateResources(): done
Main schema: sources: schema\schema.gql [1992B] 
Connector "example": sources: example\mutations.gql [1243B] example\queries.gql [1801B] 
